<?xml version="1.0" encoding="UTF-8"?>
<testsuite name="de.tudresden.inf.st.mquat.solving.SimpleHandwrittenTest" tests="5" skipped="0" failures="0" errors="0" timestamp="2018-05-12T13:31:04" hostname="zuendorf-laptop" time="0.589">
  <properties/>
  <testcase name="test_01" classname="de.tudresden.inf.st.mquat.solving.SimpleHandwrittenTest" time="0.243"/>
  <testcase name="test_02" classname="de.tudresden.inf.st.mquat.solving.SimpleHandwrittenTest" time="0.014"/>
  <testcase name="test_03" classname="de.tudresden.inf.st.mquat.solving.SimpleHandwrittenTest" time="0.059"/>
  <testcase name="test_04" classname="de.tudresden.inf.st.mquat.solving.SimpleHandwrittenTest" time="0.021"/>
  <testcase name="test_05" classname="de.tudresden.inf.st.mquat.solving.SimpleHandwrittenTest" time="0.244"/>
  <system-out><![CDATA[Loading model DSL file 'test_01.txt'.
15:31:04.744 INFO  d.t.i.s.m.s.s.SimpleSolver - found a better solution with an objective of 292427.44.
15:31:04.751 INFO  d.t.i.s.m.s.s.SimpleSolver - Number of total software solutions: 6
15:31:04.751 INFO  d.t.i.s.m.s.s.SimpleSolver - Number of iterated software solutions: 4
15:31:04.752 INFO  d.t.i.s.m.s.s.SimpleSolver - Number of iterated solutions: 3
15:31:04.753 INFO  d.t.i.s.m.s.s.SimpleSolver - Number of correct solutions: 1
15:31:04.756 DEBUG d.t.i.s.m.s.HandwrittenTestSuite - Solution:
solution {
 request0 -> config_0i0m0 {
  compute_resource_0 -> r0 {
   cpu_1 -> cpu0_0
  }
  other -> config_1i0m0 {
   compute_resource_0 -> r1 {
    cpu_1 -> cpu1_0
   }
  }
 }
}

Loading model DSL file 'test_02.txt'.
15:31:04.772 INFO  d.t.i.s.m.s.s.SimpleSolver - found a better solution with an objective of 292391.04.
15:31:04.774 INFO  d.t.i.s.m.s.s.SimpleSolver - Number of total software solutions: 6
15:31:04.774 INFO  d.t.i.s.m.s.s.SimpleSolver - Number of iterated software solutions: 4
15:31:04.777 INFO  d.t.i.s.m.s.s.SimpleSolver - Number of iterated solutions: 3
15:31:04.777 INFO  d.t.i.s.m.s.s.SimpleSolver - Number of correct solutions: 1
15:31:04.778 DEBUG d.t.i.s.m.s.HandwrittenTestSuite - Solution:
solution {
 request0 -> config_0i0m0 {
  compute_resource_0 -> r0 {
   cpu_1 -> cpu0_0
  }
  other -> config_1i0m0 {
   compute_resource_0 -> r1 {
    cpu_1 -> cpu1_0
   }
  }
 }
}

Loading model DSL file 'test_03.txt'.
15:31:04.804 INFO  d.t.i.s.m.s.s.SimpleSolver - found a better solution with an objective of 324731.04.
15:31:04.829 INFO  d.t.i.s.m.s.s.SimpleSolver - Number of total software solutions: 18
15:31:04.829 INFO  d.t.i.s.m.s.s.SimpleSolver - Number of iterated software solutions: 8
15:31:04.830 INFO  d.t.i.s.m.s.s.SimpleSolver - Number of iterated solutions: 9
15:31:04.832 INFO  d.t.i.s.m.s.s.SimpleSolver - Number of correct solutions: 1
15:31:04.833 DEBUG d.t.i.s.m.s.HandwrittenTestSuite - Solution:
solution {
 request0 -> config_0i0m0 {
  compute_resource_0 -> r0 {
   cpu_1 -> cpu0_0
  }
  other -> config_1i0m0 {
   compute_resource_0 -> r1 {
    cpu_1 -> cpu1_0
   }
  }
 }
 request1 -> config_1i0m0 {
  compute_resource_0 -> r2 {
   cpu_1 -> cpu2_0
  }
 }
}

Loading model DSL file 'test_04.txt'.
15:31:04.850 INFO  d.t.i.s.m.s.s.SimpleSolver - found a better solution with an objective of 375166.51999999996.
15:31:04.856 INFO  d.t.i.s.m.s.s.SimpleSolver - Number of total software solutions: 12
15:31:04.857 INFO  d.t.i.s.m.s.s.SimpleSolver - Number of iterated software solutions: 8
15:31:04.857 INFO  d.t.i.s.m.s.s.SimpleSolver - Number of iterated solutions: 9
15:31:04.858 INFO  d.t.i.s.m.s.s.SimpleSolver - Number of correct solutions: 1
15:31:04.860 DEBUG d.t.i.s.m.s.HandwrittenTestSuite - Solution:
solution {
 request0 -> config_0i0m0 {
  compute_resource_0 -> r0 {
   cpu_1 -> cpu0_0
  }
  alpha -> config_1i0m0 {
   compute_resource_0 -> r1 {
    cpu_1 -> cpu1_0
   }
  }
  beta -> config_2i0m0 {
   compute_resource_0 -> r2 {
    cpu_1 -> cpu2_0
   }
  }
 }
}

Loading model DSL file 'test_05.txt'.
15:31:04.890 INFO  d.t.i.s.m.s.s.SimpleSolver - found a better solution with an objective of 396486.6599999999.
15:31:04.892 INFO  d.t.i.s.m.s.s.SimpleSolver - found a better solution with an objective of 396308.6599999999.
15:31:04.894 INFO  d.t.i.s.m.s.s.SimpleSolver - found a better solution with an objective of 23665.660000000003.
15:31:04.897 INFO  d.t.i.s.m.s.s.SimpleSolver - found a better solution with an objective of 23042.660000000003.
15:31:04.899 INFO  d.t.i.s.m.s.s.SimpleSolver - found a better solution with an objective of 22864.660000000003.
15:31:04.910 INFO  d.t.i.s.m.s.s.SimpleSolver - found a better solution with an objective of 22699.660000000003.
15:31:04.925 INFO  d.t.i.s.m.s.s.SimpleSolver - found a better solution with an objective of 22097.66.
15:31:04.930 INFO  d.t.i.s.m.s.s.SimpleSolver - found a better solution with an objective of 21919.66.
15:31:05.002 INFO  d.t.i.s.m.s.s.SimpleSolver - found a better solution with an objective of 21885.66.
15:31:05.058 INFO  d.t.i.s.m.s.s.SimpleSolver - Number of total software solutions: 192
15:31:05.059 INFO  d.t.i.s.m.s.s.SimpleSolver - Number of iterated software solutions: 8
15:31:05.061 INFO  d.t.i.s.m.s.s.SimpleSolver - Number of iterated solutions: 1584
15:31:05.062 INFO  d.t.i.s.m.s.s.SimpleSolver - Number of correct solutions: 360
15:31:05.067 DEBUG d.t.i.s.m.s.HandwrittenTestSuite - Solution:
solution {
 request0 -> configA0 {
  compute_resource_0 -> r0 {
   cpu_1 -> cpu0_0
  }
  beta -> configB0 {
   compute_resource_0 -> r1 {
    cpu_1 -> cpu1_0
   }
   chi -> configC0 {
    compute_resource_0 -> r4 {
     cpu_1 -> cpu0_0
    }
   }
   delta -> configD0 {
    compute_resource_0 -> r3 {
     cpu_1 -> cpu0_0
    }
   }
  }
  epsilon -> configE0 {
   compute_resource_0 -> r2 {
    cpu_1 -> cpu2_0
   }
   phi -> configF0 {
    compute_resource_0 -> r5 {
     cpu_1 -> cpu0_0
    }
   }
   gamma -> configG0 {
    compute_resource_0 -> r6 {
     cpu_1 -> cpu0_0
    }
   }
  }
 }
}

]]></system-out>
  <system-err><![CDATA[]]></system-err>
</testsuite>
